# JRE version: OpenJDK Runtime Environment JBR-17.0.14+1-1367.22-nomod (17.0.14+1) (build 17.0.14+1-b1367.22)
# Java VM: OpenJDK 64-Bit Server VM JBR-17.0.14+1-1367.22-nomod (17.0.14+1-b1367.22, mixed mode, emulated-client, sharing, tiered, compressed oops, compressed class ptrs, g1 gc, windows-amd64)
GC Precious Log:
 CPUs: 4 total, 4 available
 Memory: 3980M
 Large Page Support: Disabled
 NUMA Support: Disabled
 Compressed Oops: Enabled (32-bit)
 Heap Region Size: 1M
 Heap Min Capacity: 8M
 Heap Initial Capacity: 64M
 Heap Max Capacity: 996M
 Pre-touch: Disabled
 Parallel Workers: 4
 Concurrent Workers: 1
 Concurrent Refinement Workers: 4
 Periodic GC: Disabled
Heap:
 garbage-first heap   total 209920K, used 94258K [0x00000000c1c00000, 0x0000000100000000)
  region size 1024K, 1 young (1024K), 1 survivors (1024K)
 Metaspace       used 92708K, committed 95232K, reserved 1179648K
  class space    used 13697K, committed 14784K, reserved 1048576K
GC Heap History (20 events):
Event: 80.288 GC heap after
{Heap after GC invocations=51 (full 0):
 garbage-first heap   total 171008K, used 120315K [0x00000000c1c00000, 0x0000000100000000)
  region size 1024K, 3 young (3072K), 3 survivors (3072K)
 Metaspace       used 79592K, committed 81216K, reserved 1179648K
  class space    used 12064K, committed 12864K, reserved 1048576K
}
Event: 81.267 GC heap before
{Heap before GC invocations=51 (full 0):
 garbage-first heap   total 171008K, used 142843K [0x00000000c1c00000, 0x0000000100000000)
  region size 1024K, 26 young (26624K), 3 survivors (3072K)
 Metaspace       used 84465K, committed 86080K, reserved 1179648K
  class space    used 12677K, committed 13504K, reserved 1048576K
}
Event: 81.273 GC heap after
{Heap after GC invocations=52 (full 0):
 garbage-first heap   total 171008K, used 121338K [0x00000000c1c00000, 0x0000000100000000)
  region size 1024K, 3 young (3072K), 3 survivors (3072K)
 Metaspace       used 84465K, committed 86080K, reserved 1179648K
  class space    used 12677K, committed 13504K, reserved 1048576K
}
Event: 82.514 GC heap before
{Heap before GC invocations=52 (full 0):
 garbage-first heap   total 171008K, used 143866K [0x00000000c1c00000, 0x0000000100000000)
  region size 1024K, 26 young (26624K), 3 survivors (3072K)
 Metaspace       used 90503K, committed 92160K, reserved 1179648K
  class space    used 13479K, committed 14272K, reserved 1048576K
}
Event: 82.524 GC heap after
{Heap after GC invocations=53 (full 0):
 garbage-first heap   total 171008K, used 122977K [0x00000000c1c00000, 0x0000000100000000)
  region size 1024K, 4 young (4096K), 4 survivors (4096K)
 Metaspace       used 90503K, committed 92160K, reserved 1179648K
  class space    used 13479K, committed 14272K, reserved 1048576K
}
Event: 133.373 GC heap before
{Heap before GC invocations=53 (full 0):
 garbage-first heap   total 171008K, used 144481K [0x00000000c1c00000, 0x0000000100000000)
  region size 1024K, 26 young (26624K), 4 survivors (4096K)
 Metaspace       used 92990K, committed 94784K, reserved 1179648K
  class space    used 13809K, committed 14720K, reserved 1048576K
}
Event: 133.438 GC heap after
{Heap after GC invocations=54 (full 0):
 garbage-first heap   total 171008K, used 125330K [0x00000000c1c00000, 0x0000000100000000)
  region size 1024K, 4 young (4096K), 4 survivors (4096K)
 Metaspace       used 92990K, committed 94784K, reserved 1179648K
  class space    used 13809K, committed 14720K, reserved 1048576K
}
Event: 134.286 GC heap before
{Heap before GC invocations=54 (full 0):
 garbage-first heap   total 171008K, used 144786K [0x00000000c1c00000, 0x0000000100000000)
  region size 1024K, 24 young (24576K), 4 survivors (4096K)
 Metaspace       used 93229K, committed 94976K, reserved 1179648K
  class space    used 13843K, committed 14720K, reserved 1048576K
}
Event: 134.315 GC heap after
{Heap after GC invocations=55 (full 0):
 garbage-first heap   total 171008K, used 127802K [0x00000000c1c00000, 0x0000000100000000)
  region size 1024K, 3 young (3072K), 3 survivors (3072K)
 Metaspace       used 93229K, committed 94976K, reserved 1179648K
  class space    used 13843K, committed 14720K, reserved 1048576K
}
Event: 134.606 GC heap before
{Heap before GC invocations=55 (full 0):
 garbage-first heap   total 171008K, used 145210K [0x00000000c1c00000, 0x0000000100000000)
  region size 1024K, 21 young (21504K), 3 survivors (3072K)
 Metaspace       used 93282K, committed 95040K, reserved 1179648K
  class space    used 13849K, committed 14720K, reserved 1048576K
}
Event: 134.614 GC heap after
{Heap after GC invocations=56 (full 0):
 garbage-first heap   total 171008K, used 128286K [0x00000000c1c00000, 0x0000000100000000)
  region size 1024K, 2 young (2048K), 2 survivors (2048K)
 Metaspace       used 93282K, committed 95040K, reserved 1179648K
  class space    used 13849K, committed 14720K, reserved 1048576K
}
Event: 134.872 GC heap before
{Heap before GC invocations=56 (full 0):
 garbage-first heap   total 171008K, used 146718K [0x00000000c1c00000, 0x0000000100000000)
  region size 1024K, 20 young (20480K), 2 survivors (2048K)
 Metaspace       used 93369K, committed 95104K, reserved 1179648K
  class space    used 13862K, committed 14720K, reserved 1048576K
}
Event: 134.882 GC heap after
{Heap after GC invocations=57 (full 0):
 garbage-first heap   total 171008K, used 129514K [0x00000000c1c00000, 0x0000000100000000)
  region size 1024K, 3 young (3072K), 3 survivors (3072K)
 Metaspace       used 93369K, committed 95104K, reserved 1179648K
  class space    used 13862K, committed 14720K, reserved 1048576K
}
Event: 136.824 GC heap before
{Heap before GC invocations=57 (full 0):
 garbage-first heap   total 209920K, used 124394K [0x00000000c1c00000, 0x0000000100000000)
  region size 1024K, 17 young (17408K), 3 survivors (3072K)
 Metaspace       used 92206K, committed 95232K, reserved 1179648K
  class space    used 13585K, committed 14784K, reserved 1048576K
}
Event: 136.965 GC heap after
{Heap after GC invocations=58 (full 0):
 garbage-first heap   total 209920K, used 112101K [0x00000000c1c00000, 0x0000000100000000)
  region size 1024K, 3 young (3072K), 3 survivors (3072K)
 Metaspace       used 92206K, committed 95232K, reserved 1179648K
  class space    used 13585K, committed 14784K, reserved 1048576K
}
Event: 139.410 GC heap before
{Heap before GC invocations=59 (full 0):
 garbage-first heap   total 209920K, used 159205K [0x00000000c1c00000, 0x0000000100000000)
  region size 1024K, 49 young (50176K), 3 survivors (3072K)
 Metaspace       used 92708K, committed 95232K, reserved 1179648K
  class space    used 13697K, committed 14784K, reserved 1048576K
}
Event: 139.445 GC heap after
{Heap after GC invocations=60 (full 0):
 garbage-first heap   total 209920K, used 115418K [0x00000000c1c00000, 0x0000000100000000)
  region size 1024K, 6 young (6144K), 6 survivors (6144K)
 Metaspace       used 92708K, committed 95232K, reserved 1179648K
  class space    used 13697K, committed 14784K, reserved 1048576K
}
Event: 139.484 GC heap before
{Heap before GC invocations=60 (full 0):
 garbage-first heap   total 209920K, used 119514K [0x00000000c1c00000, 0x0000000100000000)
  region size 1024K, 10 young (10240K), 6 survivors (6144K)
 Metaspace       used 92708K, committed 95232K, reserved 1179648K
  class space    used 13697K, committed 14784K, reserved 1048576K
}
Event: 139.559 GC heap after
{Heap after GC invocations=61 (full 0):
 garbage-first heap   total 209920K, used 96840K [0x00000000c1c00000, 0x0000000100000000)
  region size 1024K, 1 young (1024K), 1 survivors (1024K)
 Metaspace       used 92708K, committed 95232K, reserved 1179648K
  class space    used 13697K, committed 14784K, reserved 1048576K
}
Event: 139.601 GC heap before
{Heap before GC invocations=61 (full 0):
 garbage-first heap   total 209920K, used 106056K [0x00000000c1c00000, 0x0000000100000000)
  region size 1024K, 10 young (10240K), 1 survivors (1024K)
 Metaspace       used 92708K, committed 95232K, reserved 1179648K
  class space    used 13697K, committed 14784K, reserved 1048576K
}

